2025-02-06 09:08:15.005885: I tensorflow/core/util/port.cc:113] oneDNN custom operations are on. You may see slightly different numerical results due to floating-point round-off errors from different computation orders. To turn them off, set the environment variable `TF_ENABLE_ONEDNN_OPTS=0`.
2025-02-06 09:08:15.006254: I external/local_tsl/tsl/cuda/cudart_stub.cc:32] Could not find cuda drivers on your machine, GPU will not be used.
2025-02-06 09:08:15.008575: I external/local_tsl/tsl/cuda/cudart_stub.cc:32] Could not find cuda drivers on your machine, GPU will not be used.
2025-02-06 09:08:15.039196: I tensorflow/core/platform/cpu_feature_guard.cc:210] This TensorFlow binary is optimized to use available CPU instructions in performance-critical operations.
To enable the following instructions: AVX2 AVX512F AVX512_VNNI FMA, in other operations, rebuild TensorFlow with the appropriate compiler flags.
2025-02-06 09:08:15.652778: W tensorflow/compiler/tf2tensorrt/utils/py_utils.cc:38] TF-TRT Warning: Could not find TensorRT
/home/pablo/anaconda3/envs/halo/lib/python3.12/site-packages/sklearn/base.py:464: UserWarning: X does not have valid feature names, but MinMaxScaler was fitted with feature names
  warnings.warn(
/home/pablo/anaconda3/envs/halo/lib/python3.12/site-packages/sklearn/base.py:464: UserWarning: X does not have valid feature names, but MinMaxScaler was fitted with feature names
  warnings.warn(
/home/pablo/anaconda3/envs/halo/lib/python3.12/site-packages/sklearn/base.py:464: UserWarning: X does not have valid feature names, but MinMaxScaler was fitted with feature names
  warnings.warn(
/home/pablo/anaconda3/envs/halo/lib/python3.12/site-packages/sklearn/base.py:464: UserWarning: X does not have valid feature names, but MinMaxScaler was fitted with feature names
  warnings.warn(
/home/pablo/anaconda3/envs/halo/lib/python3.12/site-packages/sklearn/base.py:464: UserWarning: X does not have valid feature names, but MinMaxScaler was fitted with feature names
  warnings.warn(
/home/pablo/anaconda3/envs/halo/lib/python3.12/site-packages/sklearn/base.py:464: UserWarning: X does not have valid feature names, but MinMaxScaler was fitted with feature names
  warnings.warn(
/home/pablo/anaconda3/envs/halo/lib/python3.12/site-packages/sklearn/base.py:464: UserWarning: X does not have valid feature names, but MinMaxScaler was fitted with feature names
  warnings.warn(
/home/pablo/anaconda3/envs/halo/lib/python3.12/site-packages/sklearn/base.py:464: UserWarning: X does not have valid feature names, but MinMaxScaler was fitted with feature names
  warnings.warn(
/home/pablo/anaconda3/envs/halo/lib/python3.12/site-packages/sklearn/base.py:464: UserWarning: X does not have valid feature names, but MinMaxScaler was fitted with feature names
  warnings.warn(
/home/pablo/anaconda3/envs/halo/lib/python3.12/site-packages/sklearn/base.py:464: UserWarning: X does not have valid feature names, but MinMaxScaler was fitted with feature names
  warnings.warn(
/home/pablo/anaconda3/envs/halo/lib/python3.12/site-packages/sklearn/base.py:464: UserWarning: X does not have valid feature names, but MinMaxScaler was fitted with feature names
  warnings.warn(
/home/pablo/anaconda3/envs/halo/lib/python3.12/site-packages/sklearn/base.py:464: UserWarning: X does not have valid feature names, but MinMaxScaler was fitted with feature names
  warnings.warn(
/home/pablo/anaconda3/envs/halo/lib/python3.12/site-packages/sklearn/base.py:464: UserWarning: X does not have valid feature names, but MinMaxScaler was fitted with feature names
  warnings.warn(
/home/pablo/anaconda3/envs/halo/lib/python3.12/site-packages/sklearn/base.py:464: UserWarning: X does not have valid feature names, but MinMaxScaler was fitted with feature names
  warnings.warn(
/home/pablo/anaconda3/envs/halo/lib/python3.12/site-packages/sklearn/base.py:464: UserWarning: X does not have valid feature names, but MinMaxScaler was fitted with feature names
  warnings.warn(
/home/pablo/anaconda3/envs/halo/lib/python3.12/site-packages/sklearn/base.py:464: UserWarning: X does not have valid feature names, but MinMaxScaler was fitted with feature names
  warnings.warn(
/home/pablo/anaconda3/envs/halo/lib/python3.12/site-packages/sklearn/base.py:464: UserWarning: X does not have valid feature names, but MinMaxScaler was fitted with feature names
  warnings.warn(
/home/pablo/anaconda3/envs/halo/lib/python3.12/site-packages/sklearn/base.py:464: UserWarning: X does not have valid feature names, but MinMaxScaler was fitted with feature names
  warnings.warn(
/home/pablo/anaconda3/envs/halo/lib/python3.12/site-packages/sklearn/base.py:464: UserWarning: X does not have valid feature names, but MinMaxScaler was fitted with feature names
  warnings.warn(
/home/pablo/anaconda3/envs/halo/lib/python3.12/site-packages/sklearn/base.py:464: UserWarning: X does not have valid feature names, but MinMaxScaler was fitted with feature names
  warnings.warn(
/home/pablo/anaconda3/envs/halo/lib/python3.12/site-packages/sklearn/base.py:464: UserWarning: X does not have valid feature names, but MinMaxScaler was fitted with feature names
  warnings.warn(
/home/pablo/anaconda3/envs/halo/lib/python3.12/site-packages/sklearn/base.py:464: UserWarning: X does not have valid feature names, but MinMaxScaler was fitted with feature names
  warnings.warn(
/home/pablo/anaconda3/envs/halo/lib/python3.12/site-packages/sklearn/base.py:464: UserWarning: X does not have valid feature names, but MinMaxScaler was fitted with feature names
  warnings.warn(
/home/pablo/anaconda3/envs/halo/lib/python3.12/site-packages/sklearn/base.py:464: UserWarning: X does not have valid feature names, but MinMaxScaler was fitted with feature names
  warnings.warn(
/home/pablo/anaconda3/envs/halo/lib/python3.12/site-packages/sklearn/base.py:464: UserWarning: X does not have valid feature names, but MinMaxScaler was fitted with feature names
  warnings.warn(
/home/pablo/anaconda3/envs/halo/lib/python3.12/site-packages/sklearn/base.py:464: UserWarning: X does not have valid feature names, but MinMaxScaler was fitted with feature names
  warnings.warn(
/home/pablo/anaconda3/envs/halo/lib/python3.12/site-packages/sklearn/base.py:464: UserWarning: X does not have valid feature names, but MinMaxScaler was fitted with feature names
  warnings.warn(
/home/pablo/anaconda3/envs/halo/lib/python3.12/site-packages/sklearn/base.py:464: UserWarning: X does not have valid feature names, but MinMaxScaler was fitted with feature names
  warnings.warn(
/home/pablo/anaconda3/envs/halo/lib/python3.12/site-packages/sklearn/base.py:464: UserWarning: X does not have valid feature names, but MinMaxScaler was fitted with feature names
  warnings.warn(
/home/pablo/anaconda3/envs/halo/lib/python3.12/site-packages/sklearn/base.py:464: UserWarning: X does not have valid feature names, but MinMaxScaler was fitted with feature names
  warnings.warn(
/home/pablo/anaconda3/envs/halo/lib/python3.12/site-packages/sklearn/base.py:464: UserWarning: X does not have valid feature names, but MinMaxScaler was fitted with feature names
  warnings.warn(
/home/pablo/anaconda3/envs/halo/lib/python3.12/site-packages/sklearn/base.py:464: UserWarning: X does not have valid feature names, but MinMaxScaler was fitted with feature names
  warnings.warn(
/home/pablo/anaconda3/envs/halo/lib/python3.12/site-packages/sklearn/base.py:464: UserWarning: X does not have valid feature names, but MinMaxScaler was fitted with feature names
  warnings.warn(
/home/pablo/anaconda3/envs/halo/lib/python3.12/site-packages/sklearn/base.py:464: UserWarning: X does not have valid feature names, but MinMaxScaler was fitted with feature names
  warnings.warn(
/home/pablo/anaconda3/envs/halo/lib/python3.12/site-packages/sklearn/base.py:464: UserWarning: X does not have valid feature names, but MinMaxScaler was fitted with feature names
  warnings.warn(
/home/pablo/anaconda3/envs/halo/lib/python3.12/site-packages/sklearn/base.py:464: UserWarning: X does not have valid feature names, but MinMaxScaler was fitted with feature names
  warnings.warn(
/home/pablo/anaconda3/envs/halo/lib/python3.12/site-packages/sklearn/base.py:464: UserWarning: X does not have valid feature names, but MinMaxScaler was fitted with feature names
  warnings.warn(
/home/pablo/anaconda3/envs/halo/lib/python3.12/site-packages/sklearn/base.py:464: UserWarning: X does not have valid feature names, but MinMaxScaler was fitted with feature names
  warnings.warn(
/home/pablo/anaconda3/envs/halo/lib/python3.12/site-packages/sklearn/base.py:464: UserWarning: X does not have valid feature names, but MinMaxScaler was fitted with feature names
  warnings.warn(
