We stay in LPO region longer than 450 days! OK!
CORRECTION_VEL Accepted maneuver dv: 0.000000e+00
We stay in LPO region longer than 450 days! OK!
CORRECTION_ST  Accepted maneuver dv: 0.000000e+00

We stay in LPO region longer than 450 days! OK!
CORRECTION_VEL Accepted maneuver dv: 0.000000e+00
We stay in LPO region longer than 450 days! OK!
CORRECTION_ST  Accepted maneuver dv: 0.000000e+00

We stay in LPO region longer than 450 days! OK!
CORRECTION_VEL Accepted maneuver dv: 0.000000e+00
We stay in LPO region longer than 450 days! OK!
CORRECTION_ST  Accepted maneuver dv: 0.000000e+00

CORRECTION_VEL Accepted maneuver dv: -2.734375e-09
CORRECTION_ST  Accepted maneuver dv: -5.859375e-10

We stay in LPO region longer than 450 days! OK!
CORRECTION_VEL Accepted maneuver dv: 0.000000e+00
We stay in LPO region longer than 450 days! OK!
CORRECTION_ST  Accepted maneuver dv: 0.000000e+00

CORRECTION_VEL Accepted maneuver dv: -4.687500e-09
CORRECTION_ST  Accepted maneuver dv: -9.765625e-10

CORRECTION_VEL Accepted maneuver dv: -1.562500e-08
CORRECTION_ST  Accepted maneuver dv: 2.343750e-09

CORRECTION_VEL Accepted maneuver dv: -3.906250e-10
CORRECTION_ST  Accepted maneuver dv: -9.765625e-11

CORRECTION_VEL Accepted maneuver dv: -1.562500e-08
CORRECTION_ST  Accepted maneuver dv: 2.343750e-09

CORRECTION_VEL Accepted maneuver dv: -6.250000e-09
CORRECTION_ST  Accepted maneuver dv: -1.269531e-09

CORRECTION_VEL Accepted maneuver dv: -6.250000e-09
CORRECTION_ST  Accepted maneuver dv: 9.765625e-10

CORRECTION_VEL Accepted maneuver dv: -1.484375e-08
CORRECTION_ST  Accepted maneuver dv: -3.125000e-09

CORRECTION_VEL Accepted maneuver dv: 4.687500e-09
CORRECTION_ST  Accepted maneuver dv: -7.812500e-10

CORRECTION_VEL Accepted maneuver dv: -1.171875e-09
CORRECTION_ST  Accepted maneuver dv: -1.953125e-10

CORRECTION_VEL Accepted maneuver dv: 1.562500e-08
CORRECTION_ST  Accepted maneuver dv: -2.539062e-09

CORRECTION_VEL Accepted maneuver dv: -1.171875e-08
CORRECTION_ST  Accepted maneuver dv: -2.441406e-09

CORRECTION_VEL Accepted maneuver dv: 1.562500e-09
CORRECTION_ST  Accepted maneuver dv: -1.953125e-10

CORRECTION_VEL Accepted maneuver dv: -5.078125e-09
CORRECTION_ST  Accepted maneuver dv: -1.074219e-09

CORRECTION_VEL Accepted maneuver dv: -9.375000e-09
CORRECTION_ST  Accepted maneuver dv: 1.562500e-09

CORRECTION_VEL Accepted maneuver dv: -2.304688e-08
CORRECTION_ST  Accepted maneuver dv: -4.882812e-09

CORRECTION_VEL Accepted maneuver dv: -2.343750e-08
CORRECTION_ST  Accepted maneuver dv: 3.515625e-09

CORRECTION_VEL Accepted maneuver dv: -4.687500e-09
CORRECTION_ST  Accepted maneuver dv: -9.765625e-10

CORRECTION_VEL Accepted maneuver dv: 2.187500e-08
CORRECTION_ST  Accepted maneuver dv: -3.125000e-09

CORRECTION_VEL Accepted maneuver dv: -2.578125e-08
CORRECTION_ST  Accepted maneuver dv: -5.371094e-09

CORRECTION_VEL Accepted maneuver dv: 3.125000e-09
CORRECTION_ST  Accepted maneuver dv: -7.812500e-10

CORRECTION_VEL Accepted maneuver dv: 3.125000e-09
CORRECTION_ST  Accepted maneuver dv: 6.835937e-10

CORRECTION_VEL Accepted maneuver dv: -1.562500e-09
CORRECTION_ST  Accepted maneuver dv: 1.953125e-10

CORRECTION_VEL Accepted maneuver dv: -1.250000e-08
CORRECTION_ST  Accepted maneuver dv: -2.636719e-09

We stay in LPO region longer than 450 days! OK!
CORRECTION_VEL Accepted maneuver dv: 0.000000e+00
We stay in LPO region longer than 450 days! OK!
CORRECTION_ST  Accepted maneuver dv: 0.000000e+00

CORRECTION_VEL Accepted maneuver dv: -7.031250e-09
CORRECTION_ST  Accepted maneuver dv: -1.464844e-09

CORRECTION_VEL Accepted maneuver dv: 1.406250e-08
CORRECTION_ST  Accepted maneuver dv: -2.148438e-09

CORRECTION_VEL Accepted maneuver dv: -1.562500e-08
CORRECTION_ST  Accepted maneuver dv: -3.222656e-09

CORRECTION_VEL Accepted maneuver dv: 9.375000e-09
CORRECTION_ST  Accepted maneuver dv: -1.171875e-09

CORRECTION_VEL Accepted maneuver dv: -2.656250e-08
CORRECTION_ST  Accepted maneuver dv: -5.566406e-09

CORRECTION_VEL Accepted maneuver dv: -1.406250e-08
CORRECTION_ST  Accepted maneuver dv: 1.953125e-09

CORRECTION_VEL Accepted maneuver dv: 4.687500e-09
CORRECTION_ST  Accepted maneuver dv: 9.765625e-10

CORRECTION_VEL Accepted maneuver dv: 1.250000e-08
CORRECTION_ST  Accepted maneuver dv: -1.953125e-09

CORRECTION_VEL Accepted maneuver dv: -8.593750e-09
CORRECTION_ST  Accepted maneuver dv: -1.855469e-09

CORRECTION_VEL Accepted maneuver dv: -9.375000e-09
CORRECTION_ST  Accepted maneuver dv: 1.562500e-09

CORRECTION_VEL Accepted maneuver dv: -1.445313e-08
CORRECTION_ST  Accepted maneuver dv: -3.027344e-09

CORRECTION_VEL Accepted maneuver dv: -6.250000e-09
CORRECTION_ST  Accepted maneuver dv: 1.171875e-09

CORRECTION_VEL Accepted maneuver dv: -1.914062e-08
CORRECTION_ST  Accepted maneuver dv: -4.003906e-09

CORRECTION_VEL Accepted maneuver dv: -4.687500e-09
CORRECTION_ST  Accepted maneuver dv: 7.812500e-10

CORRECTION_VEL Accepted maneuver dv: -2.187500e-08
CORRECTION_ST  Accepted maneuver dv: -4.589844e-09

CORRECTION_VEL Accepted maneuver dv: 1.250000e-08
CORRECTION_ST  Accepted maneuver dv: -1.953125e-09

CORRECTION_VEL Accepted maneuver dv: 1.953125e-09
CORRECTION_ST  Accepted maneuver dv: 3.906250e-10

CORRECTION_VEL Accepted maneuver dv: -2.343750e-08
CORRECTION_ST  Accepted maneuver dv: 3.515625e-09

CORRECTION_VEL Accepted maneuver dv: -7.812500e-10
CORRECTION_ST  Accepted maneuver dv: -1.953125e-10

CORRECTION_VEL Accepted maneuver dv: -3.125000e-09
CORRECTION_ST  Accepted maneuver dv: 5.859375e-10

CORRECTION_VEL Accepted maneuver dv: -1.171875e-08
CORRECTION_ST  Accepted maneuver dv: -2.441406e-09

CORRECTION_VEL Accepted maneuver dv: -9.375000e-09
CORRECTION_ST  Accepted maneuver dv: 1.562500e-09

CORRECTION_VEL Accepted maneuver dv: -1.796875e-08
CORRECTION_ST  Accepted maneuver dv: -3.808594e-09

CORRECTION_VEL Accepted maneuver dv: -2.031250e-08
CORRECTION_ST  Accepted maneuver dv: 3.125000e-09

CORRECTION_VEL Accepted maneuver dv: -1.171875e-08
CORRECTION_ST  Accepted maneuver dv: -2.441406e-09

CORRECTION_VEL Accepted maneuver dv: -1.562500e-08
CORRECTION_ST  Accepted maneuver dv: 2.343750e-09

CORRECTION_VEL Accepted maneuver dv: -6.250000e-09
CORRECTION_ST  Accepted maneuver dv: -1.367187e-09

CORRECTION_VEL Accepted maneuver dv: -2.500000e-08
CORRECTION_ST  Accepted maneuver dv: 3.906250e-09

CORRECTION_VEL Accepted maneuver dv: -2.734375e-08
CORRECTION_ST  Accepted maneuver dv: -5.761719e-09

We stay in LPO region longer than 450 days! OK!
CORRECTION_VEL Accepted maneuver dv: 0.000000e+00
We stay in LPO region longer than 450 days! OK!
CORRECTION_ST  Accepted maneuver dv: 0.000000e+00

CORRECTION_VEL Accepted maneuver dv: -3.125000e-09
CORRECTION_ST  Accepted maneuver dv: -6.835937e-10

CORRECTION_VEL Accepted maneuver dv: -1.250000e-08
CORRECTION_ST  Accepted maneuver dv: 1.953125e-09

CORRECTION_VEL Accepted maneuver dv: -1.406250e-08
CORRECTION_ST  Accepted maneuver dv: -2.929688e-09

CORRECTION_VEL Accepted maneuver dv: 1.718750e-08
CORRECTION_ST  Accepted maneuver dv: -2.734375e-09

We stay in LPO region longer than 450 days! OK!
CORRECTION_VEL Accepted maneuver dv: 0.000000e+00
We stay in LPO region longer than 450 days! OK!
CORRECTION_ST  Accepted maneuver dv: 0.000000e+00

CORRECTION_VEL Accepted maneuver dv: -1.875000e-08
CORRECTION_ST  Accepted maneuver dv: 2.734375e-09

CORRECTION_VEL Accepted maneuver dv: -7.031250e-09
CORRECTION_ST  Accepted maneuver dv: -1.464844e-09

CORRECTION_VEL Accepted maneuver dv: 1.562500e-09
CORRECTION_ST  Accepted maneuver dv: -3.906250e-10

CORRECTION_VEL Accepted maneuver dv: 5.468750e-09
CORRECTION_ST  Accepted maneuver dv: 1.171875e-09

CORRECTION_VEL Accepted maneuver dv: -1.718750e-08
CORRECTION_ST  Accepted maneuver dv: 2.734375e-09

CORRECTION_VEL Accepted maneuver dv: -2.343750e-08
CORRECTION_ST  Accepted maneuver dv: -4.882812e-09

CORRECTION_VEL Accepted maneuver dv: 1.875000e-08
CORRECTION_ST  Accepted maneuver dv: -2.734375e-09

CORRECTION_VEL Accepted maneuver dv: -2.734375e-08
CORRECTION_ST  Accepted maneuver dv: -5.761719e-09

CORRECTION_VEL Accepted maneuver dv: 1.562500e-09
CORRECTION_ST  Accepted maneuver dv: -1.953125e-10

CORRECTION_VEL Accepted maneuver dv: -1.250000e-08
CORRECTION_ST  Accepted maneuver dv: -2.636719e-09

CORRECTION_VEL Accepted maneuver dv: 3.125000e-09
CORRECTION_ST  Accepted maneuver dv: -7.812500e-10

CORRECTION_VEL Accepted maneuver dv: 3.906250e-09
CORRECTION_ST  Accepted maneuver dv: 7.812500e-10

CORRECTION_VEL Accepted maneuver dv: -1.875000e-08
CORRECTION_ST  Accepted maneuver dv: 2.929688e-09

CORRECTION_VEL Accepted maneuver dv: -1.250000e-08
CORRECTION_ST  Accepted maneuver dv: -2.539062e-09

CORRECTION_VEL Accepted maneuver dv: 9.375000e-09
CORRECTION_ST  Accepted maneuver dv: -1.562500e-09

CORRECTION_VEL Accepted maneuver dv: 6.250000e-09
CORRECTION_ST  Accepted maneuver dv: 1.269531e-09

CORRECTION_VEL Accepted maneuver dv: -9.375000e-09
CORRECTION_ST  Accepted maneuver dv: 1.562500e-09

CORRECTION_VEL Accepted maneuver dv: -2.851562e-08
CORRECTION_ST  Accepted maneuver dv: -5.957031e-09

CORRECTION_VEL Accepted maneuver dv: 1.250000e-08
CORRECTION_ST  Accepted maneuver dv: -1.757812e-09

